


ARM Macro Assembler    Page 1 


    1 00000000         ;/******************************************************
                       ********************//**
    2 00000000         ; * @file     startup_<Device>.s
    3 00000000         ; * @brief    CMSIS Cortex-M# Core Device Startup File f
                       or
    4 00000000         ; *           Device <Device>
    5 00000000         ; * @version  V3.10
    6 00000000         ; * @date     23. November 2012
    7 00000000         ; *
    8 00000000         ; * @note
    9 00000000         ; *
   10 00000000         ; ******************************************************
                       ************************/
   11 00000000         ;/* Copyright (c) 2012 ARM LIMITED
   12 00000000         ;
   13 00000000         ;   All rights reserved.
   14 00000000         ;   Redistribution and use in source and binary forms, w
                       ith or without
   15 00000000         ;   modification, are permitted provided that the follow
                       ing conditions are met:
   16 00000000         ;   - Redistributions of source code must retain the abo
                       ve copyright
   17 00000000         ;     notice, this list of conditions and the following 
                       disclaimer.
   18 00000000         ;   - Redistributions in binary form must reproduce the 
                       above copyright
   19 00000000         ;     notice, this list of conditions and the following 
                       disclaimer in the
   20 00000000         ;     documentation and/or other materials provided with
                        the distribution.
   21 00000000         ;   - Neither the name of ARM nor the names of its contr
                       ibutors may be used
   22 00000000         ;     to endorse or promote products derived from this s
                       oftware without
   23 00000000         ;     specific prior written permission.
   24 00000000         ;   *
   25 00000000         ;   THIS SOFTWARE IS PROVIDED BY THE COPYRIGHT HOLDERS A
                       ND CONTRIBUTORS "AS IS"
   26 00000000         ;   AND ANY EXPRESS OR IMPLIED WARRANTIES, INCLUDING, BU
                       T NOT LIMITED TO, THE
   27 00000000         ;   IMPLIED WARRANTIES OF MERCHANTABILITY AND FITNESS FO
                       R A PARTICULAR PURPOSE
   28 00000000         ;   ARE DISCLAIMED. IN NO EVENT SHALL COPYRIGHT HOLDERS 
                       AND CONTRIBUTORS BE
   29 00000000         ;   LIABLE FOR ANY DIRECT, INDIRECT, INCIDENTAL, SPECIAL
                       , EXEMPLARY, OR
   30 00000000         ;   CONSEQUENTIAL DAMAGES (INCLUDING, BUT NOT LIMITED TO
                       , PROCUREMENT OF
   31 00000000         ;   SUBSTITUTE GOODS OR SERVICES; LOSS OF USE, DATA, OR 
                       PROFITS; OR BUSINESS
   32 00000000         ;   INTERRUPTION) HOWEVER CAUSED AND ON ANY THEORY OF LI
                       ABILITY, WHETHER IN
   33 00000000         ;   CONTRACT, STRICT LIABILITY, OR TORT (INCLUDING NEGLI
                       GENCE OR OTHERWISE)
   34 00000000         ;   ARISING IN ANY WAY OUT OF THE USE OF THIS SOFTWARE, 
                       EVEN IF ADVISED OF THE
   35 00000000         ;   POSSIBILITY OF SUCH DAMAGE.
   36 00000000         ;   ----------------------------------------------------
                       -----------------------*/



ARM Macro Assembler    Page 2 


   37 00000000         ;/*
   38 00000000         ;//-------- <<< Use Configuration Wizard in Context Menu
                        >>> ------------------
   39 00000000         ;*/
   40 00000000         
   41 00000000         
   42 00000000         ; <h> Stack Configuration
   43 00000000         ;   <o> Stack Size (in Bytes) <0x0-0xFFFFFFFF:8>
   44 00000000         ; </h>
   45 00000000         
   46 00000000         ;Stack_Size      EQU     0x00010000
   47 00000000 00004400 
                       Stack_Size
                               EQU              0x00004400
   48 00000000         
   49 00000000                 AREA             STACK, NOINIT, READWRITE, ALIGN
=3
   50 00000000         Stack_Mem
                               SPACE            Stack_Size
   51 00004400         __initial_sp
   52 00004400         
   53 00004400         
   54 00004400         ; <h> Heap Configuration
   55 00004400         ;   <o>  Heap Size (in Bytes) <0x0-0xFFFFFFFF:8>
   56 00004400         ; </h>
   57 00004400         
   58 00004400 00000800 
                       Heap_Size
                               EQU              0x00000800
   59 00004400         
   60 00004400                 AREA             HEAP, NOINIT, READWRITE, ALIGN=
3
   61 00000000         __heap_base
   62 00000000         Heap_Mem
                               SPACE            Heap_Size
   63 00000800         __heap_limit
   64 00000800         
   65 00000800         
   66 00000800                 PRESERVE8
   67 00000800                 THUMB
   68 00000800         
   69 00000800         
   70 00000800         ; Vector Table Mapped to Address 0 at Reset
   71 00000800         
   72 00000800                 AREA             RESET, DATA, READONLY
   73 00000000                 EXPORT           __Vectors
   74 00000000                 EXPORT           __Vectors_End
   75 00000000                 EXPORT           __Vectors_Size
   76 00000000         
   77 00000000 00000000 
                       __Vectors
                               DCD              __initial_sp ; Top of Stack
   78 00000004 00000000        DCD              Reset_Handler ; Reset Handler
   79 00000008 00000000        DCD              NMI_Handler ; NMI Handler
   80 0000000C 00000000        DCD              HardFault_Handler ; Hard Fault 
                                                            Handler
   81 00000010 00000000        DCD              MemManage_Handler 
                                                            ; MPU Fault Handler
                                                            



ARM Macro Assembler    Page 3 


   82 00000014 00000000        DCD              BusFault_Handler 
                                                            ; Bus Fault Handler
                                                            
   83 00000018 00000000        DCD              UsageFault_Handler ; Usage Faul
                                                            t Handler
   84 0000001C 00000000        DCD              0           ; Reserved
   85 00000020 00000000        DCD              0           ; Reserved
   86 00000024 00000000        DCD              0           ; Reserved
   87 00000028 00000000        DCD              0           ; Reserved
   88 0000002C 00000000        DCD              SVC_Handler ; SVCall Handler
   89 00000030 00000000        DCD              DebugMon_Handler ; Debug Monito
                                                            r Handler
   90 00000034 00000000        DCD              0           ; Reserved
   91 00000038 00000000        DCD              PendSV_Handler ; PendSV Handler
                                                            
   92 0000003C 00000000        DCD              SysTick_Handler 
                                                            ; SysTick Handler
   93 00000040         
   94 00000040         ; External Interrupts
   95 00000040 00000000        DCD              DMA_IRQHandler
   96 00000044 00000000        DCD              USB_IRQHandler
   97 00000048 00000000        DCD              USBDMA_IRQHandler
   98 0000004C 00000000        DCD              LCD_IRQHandler
   99 00000050 00000000        DCD              SCI0_IRQHandler
  100 00000054 00000000        DCD              SCI1_IRQHandler
  101 00000058 00000000        DCD              SCI2_IRQHandler
  102 0000005C 00000000        DCD              I2C0_IRQHandler
  103 00000060 00000000        DCD              UART0_IRQHandler
  104 00000064 00000000        DCD              UART1_IRQHandler
  105 00000068 00000000        DCD              UART2_IRQHandler
  106 0000006C 00000000        DCD              UART3_IRQHandler
  107 00000070 00000000        DCD              KCU_IRQHandler
  108 00000074 00000000        DCD              SPI0_IRQHandler
  109 00000078 00000000        DCD              SPI1_IRQHandler
  110 0000007C 00000000        DCD              CRYPT0_IRQHandler
  111 00000080 00000000        DCD              TIM0_0_IRQHandler
  112 00000084 00000000        DCD              TIM0_1_IRQHandler
  113 00000088 00000000        DCD              TIM0_2_IRQHandler
  114 0000008C 00000000        DCD              TIM0_3_IRQHandler
  115 00000090 00000000        DCD              EXTI0_IRQHandler
  116 00000094 00000000        DCD              EXTI1_IRQHandler
  117 00000098 00000000        DCD              EXTI2_IRQHandler
  118 0000009C 00000000        DCD              EXTI3_IRQHandler
  119 000000A0 00000000        DCD              EXTI4_IRQHandler
  120 000000A4 00000000        DCD              EXTI5_IRQHandler
  121 000000A8 00000000        DCD              RTC_IRQHandler
  122 000000AC 00000000        DCD              SPI2_IRQHandler
  123 000000B0 00000000        DCD              SENSOR_IRQHandler
  124 000000B4 00000000        DCD              TRNG_IRQHandler
  125 000000B8 00000000        DCD              ADC_IRQHandler
  126 000000BC 00000000        DCD              SSC_IRQHandler
  127 000000C0 00000000        DCD              TIM0_4_IRQHandler
  128 000000C4 00000000        DCD              TIM0_5_IRQHandler
  129 000000C8 00000000        DCD              SPI3_IRQHandler
  130 000000CC         __Vectors_End
  131 000000CC         
  132 000000CC 000000CC 
                       __Vectors_Size
                               EQU              __Vectors_End - __Vectors



ARM Macro Assembler    Page 4 


  133 000000CC         
  134 000000CC                 AREA             |.text|, CODE, READONLY
  135 00000000         
  136 00000000         
  137 00000000         ; Reset Handler
  138 00000000         
  139 00000000         Reset_Handler
                               PROC
  140 00000000                 EXPORT           Reset_Handler             [WEAK
]
  141 00000000                 IMPORT           SystemInit
  142 00000000                 IMPORT           __main
  143 00000000         
  144 00000000 4809            LDR              R0, =__Vectors
  145 00000002 490A            LDR              R1, =0xE000ED08
  146 00000004 6008            STR              R0, [R1]
  147 00000006 6800            LDR              R0, [R0]
  148 00000008 4685            MOV              SP, R0
  149 0000000A         
  150 0000000A         
  151 0000000A 4809            LDR              R0, =SystemInit
  152 0000000C 4780            BLX              R0
  153 0000000E 4809            LDR              R0, =__main
  154 00000010 4700            BX               R0
  155 00000012                 ENDP
  156 00000012         
  157 00000012         
  158 00000012         ; Dummy Exception Handlers (infinite loops which can be 
                       modified)
  159 00000012         
  160 00000012         NMI_Handler
                               PROC
  161 00000012                 EXPORT           NMI_Handler               [WEAK
]
  162 00000012 E7FE            B                .
  163 00000014                 ENDP
  165 00000014         HardFault_Handler
                               PROC
  166 00000014                 EXPORT           HardFault_Handler         [WEAK
]
  167 00000014 E7FE            B                .
  168 00000016                 ENDP
  170 00000016         MemManage_Handler
                               PROC
  171 00000016                 EXPORT           MemManage_Handler         [WEAK
]
  172 00000016 E7FE            B                .
  173 00000018                 ENDP
  175 00000018         BusFault_Handler
                               PROC
  176 00000018                 EXPORT           BusFault_Handler          [WEAK
]
  177 00000018 E7FE            B                .
  178 0000001A                 ENDP
  180 0000001A         UsageFault_Handler
                               PROC
  181 0000001A                 EXPORT           UsageFault_Handler        [WEAK
]
  182 0000001A E7FE            B                .



ARM Macro Assembler    Page 5 


  183 0000001C                 ENDP
  184 0000001C         SVC_Handler
                               PROC
  185 0000001C                 EXPORT           SVC_Handler               [WEAK
]
  186 0000001C E7FE            B                .
  187 0000001E                 ENDP
  189 0000001E         DebugMon_Handler
                               PROC
  190 0000001E                 EXPORT           DebugMon_Handler          [WEAK
]
  191 0000001E E7FE            B                .
  192 00000020                 ENDP
  194 00000020         PendSV_Handler
                               PROC
  195 00000020                 EXPORT           PendSV_Handler            [WEAK
]
  196 00000020 E7FE            B                .
  197 00000022                 ENDP
  199 00000022         SysTick_Handler
                               PROC
  200 00000022                 EXPORT           SysTick_Handler           [WEAK
]
  201 00000022 E7FE            B                .
  202 00000024                 ENDP
  203 00000024         
  204 00000024         Default_Handler
                               PROC
  205 00000024         ; ToDo:  Add here the export definition for the device s
                       pecific external interrupts handler
  206 00000024                 EXPORT           DMA_IRQHandler   [WEAK]
  207 00000024                 EXPORT           USB_IRQHandler   [WEAK]
  208 00000024                 EXPORT           USBDMA_IRQHandler  [WEAK]
  209 00000024                 EXPORT           LCD_IRQHandler   [WEAK]
  210 00000024                 EXPORT           SCI0_IRQHandler   [WEAK]
  211 00000024                 EXPORT           SCI1_IRQHandler   [WEAK]
  212 00000024                 EXPORT           SCI2_IRQHandler   [WEAK]
  213 00000024                 EXPORT           I2C0_IRQHandler   [WEAK]
  214 00000024                 EXPORT           UART0_IRQHandler  [WEAK]
  215 00000024                 EXPORT           UART1_IRQHandler  [WEAK]
  216 00000024                 EXPORT           UART2_IRQHandler  [WEAK]
  217 00000024                 EXPORT           UART3_IRQHandler  [WEAK]
  218 00000024                 EXPORT           KCU_IRQHandler   [WEAK]
  219 00000024                 EXPORT           SPI0_IRQHandler   [WEAK]
  220 00000024                 EXPORT           SPI1_IRQHandler   [WEAK]
  221 00000024                 EXPORT           CRYPT0_IRQHandler  [WEAK]
  222 00000024                 EXPORT           TIM0_0_IRQHandler  [WEAK]
  223 00000024                 EXPORT           TIM0_1_IRQHandler  [WEAK]
  224 00000024                 EXPORT           TIM0_2_IRQHandler  [WEAK]
  225 00000024                 EXPORT           TIM0_3_IRQHandler  [WEAK]
  226 00000024                 EXPORT           EXTI0_IRQHandler  [WEAK]
  227 00000024                 EXPORT           EXTI1_IRQHandler  [WEAK]
  228 00000024                 EXPORT           EXTI2_IRQHandler  [WEAK]
  229 00000024                 EXPORT           EXTI3_IRQHandler  [WEAK]
  230 00000024                 EXPORT           EXTI4_IRQHandler  [WEAK]
  231 00000024                 EXPORT           EXTI5_IRQHandler  [WEAK]
  232 00000024                 EXPORT           RTC_IRQHandler   [WEAK]
  233 00000024                 EXPORT           SPI2_IRQHandler   [WEAK]
  234 00000024                 EXPORT           SENSOR_IRQHandler  [WEAK]



ARM Macro Assembler    Page 6 


  235 00000024                 EXPORT           TRNG_IRQHandler      [WEAK]
  236 00000024                 EXPORT           ADC_IRQHandler   [WEAK]
  237 00000024                 EXPORT           SSC_IRQHandler   [WEAK]
  238 00000024                 EXPORT           TIM0_4_IRQHandler  [WEAK]
  239 00000024                 EXPORT           TIM0_5_IRQHandler  [WEAK]
  240 00000024                 EXPORT           SPI3_IRQHandler   [WEAK]
  241 00000024         ; ToDo:  Add here the names for the device specific exte
                       rnal interrupts handler
  242 00000024         DMA_IRQHandler
  243 00000024         USB_IRQHandler
  244 00000024         USBDMA_IRQHandler
  245 00000024         LCD_IRQHandler
  246 00000024         SCI0_IRQHandler
  247 00000024         SCI1_IRQHandler
  248 00000024         SCI2_IRQHandler
  249 00000024         I2C0_IRQHandler
  250 00000024         UART0_IRQHandler
  251 00000024         UART1_IRQHandler
  252 00000024         UART2_IRQHandler
  253 00000024         UART3_IRQHandler
  254 00000024         KCU_IRQHandler
  255 00000024         SPI0_IRQHandler
  256 00000024         SPI1_IRQHandler
  257 00000024         CRYPT0_IRQHandler
  258 00000024         TIM0_0_IRQHandler
  259 00000024         TIM0_1_IRQHandler
  260 00000024         TIM0_2_IRQHandler
  261 00000024         TIM0_3_IRQHandler
  262 00000024         EXTI0_IRQHandler
  263 00000024         EXTI1_IRQHandler
  264 00000024         EXTI2_IRQHandler
  265 00000024         EXTI3_IRQHandler
  266 00000024         EXTI4_IRQHandler
  267 00000024         EXTI5_IRQHandler
  268 00000024         RTC_IRQHandler
  269 00000024         SPI2_IRQHandler
  270 00000024         SENSOR_IRQHandler
  271 00000024         TRNG_IRQHandler
  272 00000024         ADC_IRQHandler
  273 00000024         SSC_IRQHandler
  274 00000024         TIM0_4_IRQHandler
  275 00000024         TIM0_5_IRQHandler
  276 00000024         SPI3_IRQHandler
  277 00000024 E7FE            B                .
  278 00000026                 ENDP
  279 00000026         
  280 00000026         
  281 00000026 00 00           ALIGN
  282 00000028         
  283 00000028         
  284 00000028         ; User Initial Stack & Heap
  285 00000028         
  286 00000028                 IF               :DEF:__MICROLIB
  287 00000028         
  288 00000028                 EXPORT           __initial_sp
  289 00000028                 EXPORT           __heap_base
  290 00000028                 EXPORT           __heap_limit
  291 00000028         
  292 00000028                 ELSE



ARM Macro Assembler    Page 7 


  307                          ENDIF
  308 00000028         
  309 00000028         
  310 00000028                 END
              00000000 
              E000ED08 
              00000000 
              00000000 
Command Line: --debug --xref --cpu=Cortex-M3 --apcs=interwork --depend=.\se-pu\
obj\startup_mhscpu.d -o.\se-pu\obj\startup_mhscpu.o -IC:\Keil_v5\ARM\RV31\INC -
IC:\Keil_v5\ARM\PACK\ARM\CMSIS\3.20.4\CMSIS\Include --predefine="__MICROLIB SET
A 1" --list=.\se-pu\list\startup_mhscpu.lst ..\MCU_Libraries\Device\MegaHunt\mh
scpu\Source\ARM\startup_mhscpu.s



ARM Macro Assembler    Page 1 Alphabetic symbol ordering
Relocatable symbols

STACK 00000000

Symbol: STACK
   Definitions
      At line 49 in file ..\MCU_Libraries\Device\MegaHunt\mhscpu\Source\ARM\sta
rtup_mhscpu.s
   Uses
      None
Comment: STACK unused
Stack_Mem 00000000

Symbol: Stack_Mem
   Definitions
      At line 50 in file ..\MCU_Libraries\Device\MegaHunt\mhscpu\Source\ARM\sta
rtup_mhscpu.s
   Uses
      None
Comment: Stack_Mem unused
__initial_sp 00004400

Symbol: __initial_sp
   Definitions
      At line 51 in file ..\MCU_Libraries\Device\MegaHunt\mhscpu\Source\ARM\sta
rtup_mhscpu.s
   Uses
      At line 77 in file ..\MCU_Libraries\Device\MegaHunt\mhscpu\Source\ARM\sta
rtup_mhscpu.s
      At line 288 in file ..\MCU_Libraries\Device\MegaHunt\mhscpu\Source\ARM\st
artup_mhscpu.s

3 symbols



ARM Macro Assembler    Page 1 Alphabetic symbol ordering
Relocatable symbols

HEAP 00000000

Symbol: HEAP
   Definitions
      At line 60 in file ..\MCU_Libraries\Device\MegaHunt\mhscpu\Source\ARM\sta
rtup_mhscpu.s
   Uses
      None
Comment: HEAP unused
Heap_Mem 00000000

Symbol: Heap_Mem
   Definitions
      At line 62 in file ..\MCU_Libraries\Device\MegaHunt\mhscpu\Source\ARM\sta
rtup_mhscpu.s
   Uses
      None
Comment: Heap_Mem unused
__heap_base 00000000

Symbol: __heap_base
   Definitions
      At line 61 in file ..\MCU_Libraries\Device\MegaHunt\mhscpu\Source\ARM\sta
rtup_mhscpu.s
   Uses
      At line 289 in file ..\MCU_Libraries\Device\MegaHunt\mhscpu\Source\ARM\st
artup_mhscpu.s
Comment: __heap_base used once
__heap_limit 00000800

Symbol: __heap_limit
   Definitions
      At line 63 in file ..\MCU_Libraries\Device\MegaHunt\mhscpu\Source\ARM\sta
rtup_mhscpu.s
   Uses
      At line 290 in file ..\MCU_Libraries\Device\MegaHunt\mhscpu\Source\ARM\st
artup_mhscpu.s
Comment: __heap_limit used once
4 symbols



ARM Macro Assembler    Page 1 Alphabetic symbol ordering
Relocatable symbols

RESET 00000000

Symbol: RESET
   Definitions
      At line 72 in file ..\MCU_Libraries\Device\MegaHunt\mhscpu\Source\ARM\sta
rtup_mhscpu.s
   Uses
      None
Comment: RESET unused
__Vectors 00000000

Symbol: __Vectors
   Definitions
      At line 77 in file ..\MCU_Libraries\Device\MegaHunt\mhscpu\Source\ARM\sta
rtup_mhscpu.s
   Uses
      At line 73 in file ..\MCU_Libraries\Device\MegaHunt\mhscpu\Source\ARM\sta
rtup_mhscpu.s
      At line 132 in file ..\MCU_Libraries\Device\MegaHunt\mhscpu\Source\ARM\st
artup_mhscpu.s
      At line 144 in file ..\MCU_Libraries\Device\MegaHunt\mhscpu\Source\ARM\st
artup_mhscpu.s

__Vectors_End 000000CC

Symbol: __Vectors_End
   Definitions
      At line 130 in file ..\MCU_Libraries\Device\MegaHunt\mhscpu\Source\ARM\st
artup_mhscpu.s
   Uses
      At line 74 in file ..\MCU_Libraries\Device\MegaHunt\mhscpu\Source\ARM\sta
rtup_mhscpu.s
      At line 132 in file ..\MCU_Libraries\Device\MegaHunt\mhscpu\Source\ARM\st
artup_mhscpu.s

3 symbols



ARM Macro Assembler    Page 1 Alphabetic symbol ordering
Relocatable symbols

.text 00000000

Symbol: .text
   Definitions
      At line 134 in file ..\MCU_Libraries\Device\MegaHunt\mhscpu\Source\ARM\st
artup_mhscpu.s
   Uses
      None
Comment: .text unused
ADC_IRQHandler 00000024

Symbol: ADC_IRQHandler
   Definitions
      At line 272 in file ..\MCU_Libraries\Device\MegaHunt\mhscpu\Source\ARM\st
artup_mhscpu.s
   Uses
      At line 125 in file ..\MCU_Libraries\Device\MegaHunt\mhscpu\Source\ARM\st
artup_mhscpu.s
      At line 236 in file ..\MCU_Libraries\Device\MegaHunt\mhscpu\Source\ARM\st
artup_mhscpu.s

BusFault_Handler 00000018

Symbol: BusFault_Handler
   Definitions
      At line 175 in file ..\MCU_Libraries\Device\MegaHunt\mhscpu\Source\ARM\st
artup_mhscpu.s
   Uses
      At line 82 in file ..\MCU_Libraries\Device\MegaHunt\mhscpu\Source\ARM\sta
rtup_mhscpu.s
      At line 176 in file ..\MCU_Libraries\Device\MegaHunt\mhscpu\Source\ARM\st
artup_mhscpu.s

CRYPT0_IRQHandler 00000024

Symbol: CRYPT0_IRQHandler
   Definitions
      At line 257 in file ..\MCU_Libraries\Device\MegaHunt\mhscpu\Source\ARM\st
artup_mhscpu.s
   Uses
      At line 110 in file ..\MCU_Libraries\Device\MegaHunt\mhscpu\Source\ARM\st
artup_mhscpu.s
      At line 221 in file ..\MCU_Libraries\Device\MegaHunt\mhscpu\Source\ARM\st
artup_mhscpu.s

DMA_IRQHandler 00000024

Symbol: DMA_IRQHandler
   Definitions
      At line 242 in file ..\MCU_Libraries\Device\MegaHunt\mhscpu\Source\ARM\st
artup_mhscpu.s
   Uses
      At line 95 in file ..\MCU_Libraries\Device\MegaHunt\mhscpu\Source\ARM\sta
rtup_mhscpu.s
      At line 206 in file ..\MCU_Libraries\Device\MegaHunt\mhscpu\Source\ARM\st
artup_mhscpu.s

DebugMon_Handler 0000001E




ARM Macro Assembler    Page 2 Alphabetic symbol ordering
Relocatable symbols

Symbol: DebugMon_Handler
   Definitions
      At line 189 in file ..\MCU_Libraries\Device\MegaHunt\mhscpu\Source\ARM\st
artup_mhscpu.s
   Uses
      At line 89 in file ..\MCU_Libraries\Device\MegaHunt\mhscpu\Source\ARM\sta
rtup_mhscpu.s
      At line 190 in file ..\MCU_Libraries\Device\MegaHunt\mhscpu\Source\ARM\st
artup_mhscpu.s

Default_Handler 00000024

Symbol: Default_Handler
   Definitions
      At line 204 in file ..\MCU_Libraries\Device\MegaHunt\mhscpu\Source\ARM\st
artup_mhscpu.s
   Uses
      None
Comment: Default_Handler unused
EXTI0_IRQHandler 00000024

Symbol: EXTI0_IRQHandler
   Definitions
      At line 262 in file ..\MCU_Libraries\Device\MegaHunt\mhscpu\Source\ARM\st
artup_mhscpu.s
   Uses
      At line 115 in file ..\MCU_Libraries\Device\MegaHunt\mhscpu\Source\ARM\st
artup_mhscpu.s
      At line 226 in file ..\MCU_Libraries\Device\MegaHunt\mhscpu\Source\ARM\st
artup_mhscpu.s

EXTI1_IRQHandler 00000024

Symbol: EXTI1_IRQHandler
   Definitions
      At line 263 in file ..\MCU_Libraries\Device\MegaHunt\mhscpu\Source\ARM\st
artup_mhscpu.s
   Uses
      At line 116 in file ..\MCU_Libraries\Device\MegaHunt\mhscpu\Source\ARM\st
artup_mhscpu.s
      At line 227 in file ..\MCU_Libraries\Device\MegaHunt\mhscpu\Source\ARM\st
artup_mhscpu.s

EXTI2_IRQHandler 00000024

Symbol: EXTI2_IRQHandler
   Definitions
      At line 264 in file ..\MCU_Libraries\Device\MegaHunt\mhscpu\Source\ARM\st
artup_mhscpu.s
   Uses
      At line 117 in file ..\MCU_Libraries\Device\MegaHunt\mhscpu\Source\ARM\st
artup_mhscpu.s
      At line 228 in file ..\MCU_Libraries\Device\MegaHunt\mhscpu\Source\ARM\st
artup_mhscpu.s

EXTI3_IRQHandler 00000024

Symbol: EXTI3_IRQHandler
   Definitions



ARM Macro Assembler    Page 3 Alphabetic symbol ordering
Relocatable symbols

      At line 265 in file ..\MCU_Libraries\Device\MegaHunt\mhscpu\Source\ARM\st
artup_mhscpu.s
   Uses
      At line 118 in file ..\MCU_Libraries\Device\MegaHunt\mhscpu\Source\ARM\st
artup_mhscpu.s
      At line 229 in file ..\MCU_Libraries\Device\MegaHunt\mhscpu\Source\ARM\st
artup_mhscpu.s

EXTI4_IRQHandler 00000024

Symbol: EXTI4_IRQHandler
   Definitions
      At line 266 in file ..\MCU_Libraries\Device\MegaHunt\mhscpu\Source\ARM\st
artup_mhscpu.s
   Uses
      At line 119 in file ..\MCU_Libraries\Device\MegaHunt\mhscpu\Source\ARM\st
artup_mhscpu.s
      At line 230 in file ..\MCU_Libraries\Device\MegaHunt\mhscpu\Source\ARM\st
artup_mhscpu.s

EXTI5_IRQHandler 00000024

Symbol: EXTI5_IRQHandler
   Definitions
      At line 267 in file ..\MCU_Libraries\Device\MegaHunt\mhscpu\Source\ARM\st
artup_mhscpu.s
   Uses
      At line 120 in file ..\MCU_Libraries\Device\MegaHunt\mhscpu\Source\ARM\st
artup_mhscpu.s
      At line 231 in file ..\MCU_Libraries\Device\MegaHunt\mhscpu\Source\ARM\st
artup_mhscpu.s

HardFault_Handler 00000014

Symbol: HardFault_Handler
   Definitions
      At line 165 in file ..\MCU_Libraries\Device\MegaHunt\mhscpu\Source\ARM\st
artup_mhscpu.s
   Uses
      At line 80 in file ..\MCU_Libraries\Device\MegaHunt\mhscpu\Source\ARM\sta
rtup_mhscpu.s
      At line 166 in file ..\MCU_Libraries\Device\MegaHunt\mhscpu\Source\ARM\st
artup_mhscpu.s

I2C0_IRQHandler 00000024

Symbol: I2C0_IRQHandler
   Definitions
      At line 249 in file ..\MCU_Libraries\Device\MegaHunt\mhscpu\Source\ARM\st
artup_mhscpu.s
   Uses
      At line 102 in file ..\MCU_Libraries\Device\MegaHunt\mhscpu\Source\ARM\st
artup_mhscpu.s
      At line 213 in file ..\MCU_Libraries\Device\MegaHunt\mhscpu\Source\ARM\st
artup_mhscpu.s

KCU_IRQHandler 00000024

Symbol: KCU_IRQHandler



ARM Macro Assembler    Page 4 Alphabetic symbol ordering
Relocatable symbols

   Definitions
      At line 254 in file ..\MCU_Libraries\Device\MegaHunt\mhscpu\Source\ARM\st
artup_mhscpu.s
   Uses
      At line 107 in file ..\MCU_Libraries\Device\MegaHunt\mhscpu\Source\ARM\st
artup_mhscpu.s
      At line 218 in file ..\MCU_Libraries\Device\MegaHunt\mhscpu\Source\ARM\st
artup_mhscpu.s

LCD_IRQHandler 00000024

Symbol: LCD_IRQHandler
   Definitions
      At line 245 in file ..\MCU_Libraries\Device\MegaHunt\mhscpu\Source\ARM\st
artup_mhscpu.s
   Uses
      At line 98 in file ..\MCU_Libraries\Device\MegaHunt\mhscpu\Source\ARM\sta
rtup_mhscpu.s
      At line 209 in file ..\MCU_Libraries\Device\MegaHunt\mhscpu\Source\ARM\st
artup_mhscpu.s

MemManage_Handler 00000016

Symbol: MemManage_Handler
   Definitions
      At line 170 in file ..\MCU_Libraries\Device\MegaHunt\mhscpu\Source\ARM\st
artup_mhscpu.s
   Uses
      At line 81 in file ..\MCU_Libraries\Device\MegaHunt\mhscpu\Source\ARM\sta
rtup_mhscpu.s
      At line 171 in file ..\MCU_Libraries\Device\MegaHunt\mhscpu\Source\ARM\st
artup_mhscpu.s

NMI_Handler 00000012

Symbol: NMI_Handler
   Definitions
      At line 160 in file ..\MCU_Libraries\Device\MegaHunt\mhscpu\Source\ARM\st
artup_mhscpu.s
   Uses
      At line 79 in file ..\MCU_Libraries\Device\MegaHunt\mhscpu\Source\ARM\sta
rtup_mhscpu.s
      At line 161 in file ..\MCU_Libraries\Device\MegaHunt\mhscpu\Source\ARM\st
artup_mhscpu.s

PendSV_Handler 00000020

Symbol: PendSV_Handler
   Definitions
      At line 194 in file ..\MCU_Libraries\Device\MegaHunt\mhscpu\Source\ARM\st
artup_mhscpu.s
   Uses
      At line 91 in file ..\MCU_Libraries\Device\MegaHunt\mhscpu\Source\ARM\sta
rtup_mhscpu.s
      At line 195 in file ..\MCU_Libraries\Device\MegaHunt\mhscpu\Source\ARM\st
artup_mhscpu.s

RTC_IRQHandler 00000024




ARM Macro Assembler    Page 5 Alphabetic symbol ordering
Relocatable symbols

Symbol: RTC_IRQHandler
   Definitions
      At line 268 in file ..\MCU_Libraries\Device\MegaHunt\mhscpu\Source\ARM\st
artup_mhscpu.s
   Uses
      At line 121 in file ..\MCU_Libraries\Device\MegaHunt\mhscpu\Source\ARM\st
artup_mhscpu.s
      At line 232 in file ..\MCU_Libraries\Device\MegaHunt\mhscpu\Source\ARM\st
artup_mhscpu.s

Reset_Handler 00000000

Symbol: Reset_Handler
   Definitions
      At line 139 in file ..\MCU_Libraries\Device\MegaHunt\mhscpu\Source\ARM\st
artup_mhscpu.s
   Uses
      At line 78 in file ..\MCU_Libraries\Device\MegaHunt\mhscpu\Source\ARM\sta
rtup_mhscpu.s
      At line 140 in file ..\MCU_Libraries\Device\MegaHunt\mhscpu\Source\ARM\st
artup_mhscpu.s

SCI0_IRQHandler 00000024

Symbol: SCI0_IRQHandler
   Definitions
      At line 246 in file ..\MCU_Libraries\Device\MegaHunt\mhscpu\Source\ARM\st
artup_mhscpu.s
   Uses
      At line 99 in file ..\MCU_Libraries\Device\MegaHunt\mhscpu\Source\ARM\sta
rtup_mhscpu.s
      At line 210 in file ..\MCU_Libraries\Device\MegaHunt\mhscpu\Source\ARM\st
artup_mhscpu.s

SCI1_IRQHandler 00000024

Symbol: SCI1_IRQHandler
   Definitions
      At line 247 in file ..\MCU_Libraries\Device\MegaHunt\mhscpu\Source\ARM\st
artup_mhscpu.s
   Uses
      At line 100 in file ..\MCU_Libraries\Device\MegaHunt\mhscpu\Source\ARM\st
artup_mhscpu.s
      At line 211 in file ..\MCU_Libraries\Device\MegaHunt\mhscpu\Source\ARM\st
artup_mhscpu.s

SCI2_IRQHandler 00000024

Symbol: SCI2_IRQHandler
   Definitions
      At line 248 in file ..\MCU_Libraries\Device\MegaHunt\mhscpu\Source\ARM\st
artup_mhscpu.s
   Uses
      At line 101 in file ..\MCU_Libraries\Device\MegaHunt\mhscpu\Source\ARM\st
artup_mhscpu.s
      At line 212 in file ..\MCU_Libraries\Device\MegaHunt\mhscpu\Source\ARM\st
artup_mhscpu.s

SENSOR_IRQHandler 00000024



ARM Macro Assembler    Page 6 Alphabetic symbol ordering
Relocatable symbols


Symbol: SENSOR_IRQHandler
   Definitions
      At line 270 in file ..\MCU_Libraries\Device\MegaHunt\mhscpu\Source\ARM\st
artup_mhscpu.s
   Uses
      At line 123 in file ..\MCU_Libraries\Device\MegaHunt\mhscpu\Source\ARM\st
artup_mhscpu.s
      At line 234 in file ..\MCU_Libraries\Device\MegaHunt\mhscpu\Source\ARM\st
artup_mhscpu.s

SPI0_IRQHandler 00000024

Symbol: SPI0_IRQHandler
   Definitions
      At line 255 in file ..\MCU_Libraries\Device\MegaHunt\mhscpu\Source\ARM\st
artup_mhscpu.s
   Uses
      At line 108 in file ..\MCU_Libraries\Device\MegaHunt\mhscpu\Source\ARM\st
artup_mhscpu.s
      At line 219 in file ..\MCU_Libraries\Device\MegaHunt\mhscpu\Source\ARM\st
artup_mhscpu.s

SPI1_IRQHandler 00000024

Symbol: SPI1_IRQHandler
   Definitions
      At line 256 in file ..\MCU_Libraries\Device\MegaHunt\mhscpu\Source\ARM\st
artup_mhscpu.s
   Uses
      At line 109 in file ..\MCU_Libraries\Device\MegaHunt\mhscpu\Source\ARM\st
artup_mhscpu.s
      At line 220 in file ..\MCU_Libraries\Device\MegaHunt\mhscpu\Source\ARM\st
artup_mhscpu.s

SPI2_IRQHandler 00000024

Symbol: SPI2_IRQHandler
   Definitions
      At line 269 in file ..\MCU_Libraries\Device\MegaHunt\mhscpu\Source\ARM\st
artup_mhscpu.s
   Uses
      At line 122 in file ..\MCU_Libraries\Device\MegaHunt\mhscpu\Source\ARM\st
artup_mhscpu.s
      At line 233 in file ..\MCU_Libraries\Device\MegaHunt\mhscpu\Source\ARM\st
artup_mhscpu.s

SPI3_IRQHandler 00000024

Symbol: SPI3_IRQHandler
   Definitions
      At line 276 in file ..\MCU_Libraries\Device\MegaHunt\mhscpu\Source\ARM\st
artup_mhscpu.s
   Uses
      At line 129 in file ..\MCU_Libraries\Device\MegaHunt\mhscpu\Source\ARM\st
artup_mhscpu.s
      At line 240 in file ..\MCU_Libraries\Device\MegaHunt\mhscpu\Source\ARM\st
artup_mhscpu.s




ARM Macro Assembler    Page 7 Alphabetic symbol ordering
Relocatable symbols

SSC_IRQHandler 00000024

Symbol: SSC_IRQHandler
   Definitions
      At line 273 in file ..\MCU_Libraries\Device\MegaHunt\mhscpu\Source\ARM\st
artup_mhscpu.s
   Uses
      At line 126 in file ..\MCU_Libraries\Device\MegaHunt\mhscpu\Source\ARM\st
artup_mhscpu.s
      At line 237 in file ..\MCU_Libraries\Device\MegaHunt\mhscpu\Source\ARM\st
artup_mhscpu.s

SVC_Handler 0000001C

Symbol: SVC_Handler
   Definitions
      At line 184 in file ..\MCU_Libraries\Device\MegaHunt\mhscpu\Source\ARM\st
artup_mhscpu.s
   Uses
      At line 88 in file ..\MCU_Libraries\Device\MegaHunt\mhscpu\Source\ARM\sta
rtup_mhscpu.s
      At line 185 in file ..\MCU_Libraries\Device\MegaHunt\mhscpu\Source\ARM\st
artup_mhscpu.s

SysTick_Handler 00000022

Symbol: SysTick_Handler
   Definitions
      At line 199 in file ..\MCU_Libraries\Device\MegaHunt\mhscpu\Source\ARM\st
artup_mhscpu.s
   Uses
      At line 92 in file ..\MCU_Libraries\Device\MegaHunt\mhscpu\Source\ARM\sta
rtup_mhscpu.s
      At line 200 in file ..\MCU_Libraries\Device\MegaHunt\mhscpu\Source\ARM\st
artup_mhscpu.s

TIM0_0_IRQHandler 00000024

Symbol: TIM0_0_IRQHandler
   Definitions
      At line 258 in file ..\MCU_Libraries\Device\MegaHunt\mhscpu\Source\ARM\st
artup_mhscpu.s
   Uses
      At line 111 in file ..\MCU_Libraries\Device\MegaHunt\mhscpu\Source\ARM\st
artup_mhscpu.s
      At line 222 in file ..\MCU_Libraries\Device\MegaHunt\mhscpu\Source\ARM\st
artup_mhscpu.s

TIM0_1_IRQHandler 00000024

Symbol: TIM0_1_IRQHandler
   Definitions
      At line 259 in file ..\MCU_Libraries\Device\MegaHunt\mhscpu\Source\ARM\st
artup_mhscpu.s
   Uses
      At line 112 in file ..\MCU_Libraries\Device\MegaHunt\mhscpu\Source\ARM\st
artup_mhscpu.s
      At line 223 in file ..\MCU_Libraries\Device\MegaHunt\mhscpu\Source\ARM\st
artup_mhscpu.s



ARM Macro Assembler    Page 8 Alphabetic symbol ordering
Relocatable symbols


TIM0_2_IRQHandler 00000024

Symbol: TIM0_2_IRQHandler
   Definitions
      At line 260 in file ..\MCU_Libraries\Device\MegaHunt\mhscpu\Source\ARM\st
artup_mhscpu.s
   Uses
      At line 113 in file ..\MCU_Libraries\Device\MegaHunt\mhscpu\Source\ARM\st
artup_mhscpu.s
      At line 224 in file ..\MCU_Libraries\Device\MegaHunt\mhscpu\Source\ARM\st
artup_mhscpu.s

TIM0_3_IRQHandler 00000024

Symbol: TIM0_3_IRQHandler
   Definitions
      At line 261 in file ..\MCU_Libraries\Device\MegaHunt\mhscpu\Source\ARM\st
artup_mhscpu.s
   Uses
      At line 114 in file ..\MCU_Libraries\Device\MegaHunt\mhscpu\Source\ARM\st
artup_mhscpu.s
      At line 225 in file ..\MCU_Libraries\Device\MegaHunt\mhscpu\Source\ARM\st
artup_mhscpu.s

TIM0_4_IRQHandler 00000024

Symbol: TIM0_4_IRQHandler
   Definitions
      At line 274 in file ..\MCU_Libraries\Device\MegaHunt\mhscpu\Source\ARM\st
artup_mhscpu.s
   Uses
      At line 127 in file ..\MCU_Libraries\Device\MegaHunt\mhscpu\Source\ARM\st
artup_mhscpu.s
      At line 238 in file ..\MCU_Libraries\Device\MegaHunt\mhscpu\Source\ARM\st
artup_mhscpu.s

TIM0_5_IRQHandler 00000024

Symbol: TIM0_5_IRQHandler
   Definitions
      At line 275 in file ..\MCU_Libraries\Device\MegaHunt\mhscpu\Source\ARM\st
artup_mhscpu.s
   Uses
      At line 128 in file ..\MCU_Libraries\Device\MegaHunt\mhscpu\Source\ARM\st
artup_mhscpu.s
      At line 239 in file ..\MCU_Libraries\Device\MegaHunt\mhscpu\Source\ARM\st
artup_mhscpu.s

TRNG_IRQHandler 00000024

Symbol: TRNG_IRQHandler
   Definitions
      At line 271 in file ..\MCU_Libraries\Device\MegaHunt\mhscpu\Source\ARM\st
artup_mhscpu.s
   Uses
      At line 124 in file ..\MCU_Libraries\Device\MegaHunt\mhscpu\Source\ARM\st
artup_mhscpu.s
      At line 235 in file ..\MCU_Libraries\Device\MegaHunt\mhscpu\Source\ARM\st



ARM Macro Assembler    Page 9 Alphabetic symbol ordering
Relocatable symbols

artup_mhscpu.s

UART0_IRQHandler 00000024

Symbol: UART0_IRQHandler
   Definitions
      At line 250 in file ..\MCU_Libraries\Device\MegaHunt\mhscpu\Source\ARM\st
artup_mhscpu.s
   Uses
      At line 103 in file ..\MCU_Libraries\Device\MegaHunt\mhscpu\Source\ARM\st
artup_mhscpu.s
      At line 214 in file ..\MCU_Libraries\Device\MegaHunt\mhscpu\Source\ARM\st
artup_mhscpu.s

UART1_IRQHandler 00000024

Symbol: UART1_IRQHandler
   Definitions
      At line 251 in file ..\MCU_Libraries\Device\MegaHunt\mhscpu\Source\ARM\st
artup_mhscpu.s
   Uses
      At line 104 in file ..\MCU_Libraries\Device\MegaHunt\mhscpu\Source\ARM\st
artup_mhscpu.s
      At line 215 in file ..\MCU_Libraries\Device\MegaHunt\mhscpu\Source\ARM\st
artup_mhscpu.s

UART2_IRQHandler 00000024

Symbol: UART2_IRQHandler
   Definitions
      At line 252 in file ..\MCU_Libraries\Device\MegaHunt\mhscpu\Source\ARM\st
artup_mhscpu.s
   Uses
      At line 105 in file ..\MCU_Libraries\Device\MegaHunt\mhscpu\Source\ARM\st
artup_mhscpu.s
      At line 216 in file ..\MCU_Libraries\Device\MegaHunt\mhscpu\Source\ARM\st
artup_mhscpu.s

UART3_IRQHandler 00000024

Symbol: UART3_IRQHandler
   Definitions
      At line 253 in file ..\MCU_Libraries\Device\MegaHunt\mhscpu\Source\ARM\st
artup_mhscpu.s
   Uses
      At line 106 in file ..\MCU_Libraries\Device\MegaHunt\mhscpu\Source\ARM\st
artup_mhscpu.s
      At line 217 in file ..\MCU_Libraries\Device\MegaHunt\mhscpu\Source\ARM\st
artup_mhscpu.s

USBDMA_IRQHandler 00000024

Symbol: USBDMA_IRQHandler
   Definitions
      At line 244 in file ..\MCU_Libraries\Device\MegaHunt\mhscpu\Source\ARM\st
artup_mhscpu.s
   Uses
      At line 97 in file ..\MCU_Libraries\Device\MegaHunt\mhscpu\Source\ARM\sta
rtup_mhscpu.s



ARM Macro Assembler    Page 10 Alphabetic symbol ordering
Relocatable symbols

      At line 208 in file ..\MCU_Libraries\Device\MegaHunt\mhscpu\Source\ARM\st
artup_mhscpu.s

USB_IRQHandler 00000024

Symbol: USB_IRQHandler
   Definitions
      At line 243 in file ..\MCU_Libraries\Device\MegaHunt\mhscpu\Source\ARM\st
artup_mhscpu.s
   Uses
      At line 96 in file ..\MCU_Libraries\Device\MegaHunt\mhscpu\Source\ARM\sta
rtup_mhscpu.s
      At line 207 in file ..\MCU_Libraries\Device\MegaHunt\mhscpu\Source\ARM\st
artup_mhscpu.s

UsageFault_Handler 0000001A

Symbol: UsageFault_Handler
   Definitions
      At line 180 in file ..\MCU_Libraries\Device\MegaHunt\mhscpu\Source\ARM\st
artup_mhscpu.s
   Uses
      At line 83 in file ..\MCU_Libraries\Device\MegaHunt\mhscpu\Source\ARM\sta
rtup_mhscpu.s
      At line 181 in file ..\MCU_Libraries\Device\MegaHunt\mhscpu\Source\ARM\st
artup_mhscpu.s

47 symbols



ARM Macro Assembler    Page 1 Alphabetic symbol ordering
Absolute symbols

Heap_Size 00000800

Symbol: Heap_Size
   Definitions
      At line 58 in file ..\MCU_Libraries\Device\MegaHunt\mhscpu\Source\ARM\sta
rtup_mhscpu.s
   Uses
      At line 62 in file ..\MCU_Libraries\Device\MegaHunt\mhscpu\Source\ARM\sta
rtup_mhscpu.s
Comment: Heap_Size used once
Stack_Size 00004400

Symbol: Stack_Size
   Definitions
      At line 47 in file ..\MCU_Libraries\Device\MegaHunt\mhscpu\Source\ARM\sta
rtup_mhscpu.s
   Uses
      At line 50 in file ..\MCU_Libraries\Device\MegaHunt\mhscpu\Source\ARM\sta
rtup_mhscpu.s
Comment: Stack_Size used once
__Vectors_Size 000000CC

Symbol: __Vectors_Size
   Definitions
      At line 132 in file ..\MCU_Libraries\Device\MegaHunt\mhscpu\Source\ARM\st
artup_mhscpu.s
   Uses
      At line 75 in file ..\MCU_Libraries\Device\MegaHunt\mhscpu\Source\ARM\sta
rtup_mhscpu.s
Comment: __Vectors_Size used once
3 symbols



ARM Macro Assembler    Page 1 Alphabetic symbol ordering
External symbols

SystemInit 00000000

Symbol: SystemInit
   Definitions
      At line 141 in file ..\MCU_Libraries\Device\MegaHunt\mhscpu\Source\ARM\st
artup_mhscpu.s
   Uses
      At line 151 in file ..\MCU_Libraries\Device\MegaHunt\mhscpu\Source\ARM\st
artup_mhscpu.s
Comment: SystemInit used once
__main 00000000

Symbol: __main
   Definitions
      At line 142 in file ..\MCU_Libraries\Device\MegaHunt\mhscpu\Source\ARM\st
artup_mhscpu.s
   Uses
      At line 153 in file ..\MCU_Libraries\Device\MegaHunt\mhscpu\Source\ARM\st
artup_mhscpu.s
Comment: __main used once
2 symbols
395 symbols in table
